\BOOKMARK [1][-]{section.1}{Product\040concept:\040Radio\040Frequency\040Camera\040Assisted\040Rover\040\(RFCAR\)}{}% 1
\BOOKMARK [1][-]{section.2}{Foreseen\040product\040specifications}{}% 2
\BOOKMARK [2][-]{subsection.2.1}{Autonomy}{section.2}% 3
\BOOKMARK [2][-]{subsection.2.2}{Velocity}{section.2}% 4
\BOOKMARK [2][-]{subsection.2.3}{Safety}{section.2}% 5
\BOOKMARK [2][-]{subsection.2.4}{Image\040acquisition}{section.2}% 6
\BOOKMARK [3][-]{subsubsection.2.4.1}{Frame\040rate}{subsection.2.4}% 7
\BOOKMARK [3][-]{subsubsection.2.4.2}{Range}{subsection.2.4}% 8
\BOOKMARK [3][-]{subsubsection.2.4.3}{Resolution}{subsection.2.4}% 9
\BOOKMARK [2][-]{subsection.2.5}{Load}{section.2}% 10
\BOOKMARK [2][-]{subsection.2.6}{Overall\040System\040latency/responsivess}{section.2}% 11
\BOOKMARK [2][-]{subsection.2.7}{Communication}{section.2}% 12
\BOOKMARK [3][-]{subsubsection.2.7.1}{Reliability}{subsection.2.7}% 13
\BOOKMARK [3][-]{subsubsection.2.7.2}{Range}{subsection.2.7}% 14
\BOOKMARK [2][-]{subsection.2.8}{Sensibility}{section.2}% 15
\BOOKMARK [2][-]{subsection.2.9}{Closed\040loop\040error}{section.2}% 16
\BOOKMARK [2][-]{subsection.2.10}{Summary}{section.2}% 17
\BOOKMARK [1][-]{section.3}{Planning}{}% 18
\BOOKMARK [1][-]{section.4}{Tests}{}% 19
\BOOKMARK [2][-]{subsection.4.1}{Verifications\040tests}{section.4}% 20
\BOOKMARK [3][-]{subsubsection.4.1.1}{Functionality}{subsection.4.1}% 21
\BOOKMARK [3][-]{subsubsection.4.1.2}{Maximum\040Load}{subsection.4.1}% 22
\BOOKMARK [3][-]{subsubsection.4.1.3}{Autonomy}{subsection.4.1}% 23
\BOOKMARK [3][-]{subsubsection.4.1.4}{Velocity}{subsection.4.1}% 24
\BOOKMARK [3][-]{subsubsection.4.1.5}{Safety}{subsection.4.1}% 25
\BOOKMARK [3][-]{subsubsection.4.1.6}{Image\040acquisition}{subsection.4.1}% 26
\BOOKMARK [3][-]{subsubsection.4.1.7}{Communication\040reliability}{subsection.4.1}% 27
\BOOKMARK [3][-]{subsubsection.4.1.8}{Closed\040loop\040error\040\(Control\040loops\)}{subsection.4.1}% 28
\BOOKMARK [2][-]{subsection.4.2}{Validation\040tests}{section.4}% 29
\BOOKMARK [1][-]{section.5}{Initial\040design}{}% 30
